<?xml version="1.0" encoding="UTF-8"?>
<!-- Generated by org.testng.reporters.JUnitReportReporter -->
<testsuite skipped="0" hostname="SSL247DEV004" name="TestRunner.Runner" tests="1" failures="0" timestamp="09 Oct 2017 15:48:30 GMT" time="0.026" errors="0">
  <testcase name="feature" time="0.026" classname="TestRunner.Runner"/>
</testsuite> <!-- TestRunner.Runner -->
